Using pre-set license

 COMMAND LINE ARGUMENTS:
/Applications/Unity/2020.3.10f1/Unity.app/Contents/MacOS/Unity
-adb2
-batchMode
-noUpm
-name
AssetImportWorker0
-projectPath
/Users/benefrat/Documents/studies/shenkar/unity/TowerDefense/Gotcha
-logFile
Logs/AssetImportWorker0.log
-srvPort
49470
Successfully changed project path to: /Users/benefrat/Documents/studies/shenkar/unity/TowerDefense/Gotcha
/Users/benefrat/Documents/studies/shenkar/unity/TowerDefense/Gotcha
Using Asset Import Pipeline V2.
Refreshing native plugins compatible for Editor in 44.49 ms, found 2 plugins.
Preloading 0 native plugins for Editor in 0.00 ms.
Initialize engine version: 2020.3.10f1 (297d780c91bc)
[Subsystems] Discovering subsystems at path /Applications/Unity/2020.3.10f1/Unity.app/Contents/Resources/UnitySubsystems
[Subsystems] Discovering subsystems at path /Users/benefrat/Documents/studies/shenkar/unity/TowerDefense/Gotcha/Assets
GfxDevice: creating device client; threaded=0
2021-06-19 12:17:04.126 Unity[6438:65879] Color LCD preferred device: AMD Radeon Pro 5300M (high power)
2021-06-19 12:17:04.126 Unity[6438:65879] Metal devices available: 2
2021-06-19 12:17:04.126 Unity[6438:65879] 0: AMD Radeon Pro 5300M (high power)
2021-06-19 12:17:04.126 Unity[6438:65879] 1: Intel(R) UHD Graphics 630 (low power)
2021-06-19 12:17:04.126 Unity[6438:65879] Using device AMD Radeon Pro 5300M (high power)
Initializing Metal device caps: AMD Radeon Pro 5300M
Initialize mono
Mono path[0] = '/Applications/Unity/2020.3.10f1/Unity.app/Contents/Managed'
Mono path[1] = '/Applications/Unity/2020.3.10f1/Unity.app/Contents/MonoBleedingEdge/lib/mono/unityjit'
Mono config path = '/Applications/Unity/2020.3.10f1/Unity.app/Contents/MonoBleedingEdge/etc'
Using monoOptions --debugger-agent=transport=dt_socket,embedding=1,server=y,suspend=n,address=127.0.0.1:56438
Begin MonoManager ReloadAssembly
Registering precompiled unity dll's ...
Register platform support module: /Applications/Unity/2020.3.10f1/PlaybackEngines/WebGLSupport/UnityEditor.WebGL.Extensions.dll
Register platform support module: /Applications/Unity/2020.3.10f1/Unity.app/Contents/PlaybackEngines/MacStandaloneSupport/UnityEditor.OSXStandalone.Extensions.dll
Registered in 0.003351 seconds.
Native extension for OSXStandalone target not found
Native extension for WebGL target not found
Refreshing native plugins compatible for Editor in 33.93 ms, found 2 plugins.
Preloading 0 native plugins for Editor in 0.00 ms.
Mono: successfully reloaded assembly
- Completed reload, in  4.391 seconds
Platform modules already initialized, skipping
Registering precompiled user dll's ...
Registered in 0.007846 seconds.
Begin MonoManager ReloadAssembly
Native extension for OSXStandalone target not found
Native extension for WebGL target not found
Refreshing native plugins compatible for Editor in 0.52 ms, found 2 plugins.
Preloading 0 native plugins for Editor in 0.00 ms.
Mono: successfully reloaded assembly
- Completed reload, in  1.292 seconds
Platform modules already initialized, skipping
========================================================================
Worker process is ready to serve import requests
Launching external process: /Applications/Unity/2020.3.10f1/Unity.app/Contents/Tools/UnityShaderCompiler
Launched and connected shader compiler UnityShaderCompiler after 0.02 seconds
Refreshing native plugins compatible for Editor in 0.35 ms, found 2 plugins.
Preloading 0 native plugins for Editor in 0.00 ms.
Unloading 1399 Unused Serialized files (Serialized files now loaded: 0)
System memory in use before: 142.6 MB.
System memory in use after: 142.7 MB.

Unloading 19 unused Assets to reduce memory usage. Loaded Objects now: 1832.
Total: 2.029731 ms (FindLiveObjects: 0.172171 ms CreateObjectMapping: 0.041627 ms MarkObjects: 1.716392 ms  DeleteObjects: 0.098628 ms)

========================================================================
Received Import Request.
  path: Assets/New Material.mat
  artifactKey: Guid(3fe7f0003249d4b0da14aedb412a73f7) Importer(815301076,1909f56bfc062723c751e8b465ee728b)
Start importing Assets/New Material.mat using Guid(3fe7f0003249d4b0da14aedb412a73f7) Importer(815301076,1909f56bfc062723c751e8b465ee728b)  -> (artifact id: '7e076bfb62a4b0b432548ce96ecb0e8f') in 1.401903 seconds
  Import took 1.405582 seconds .

========================================================================
Received Import Request.
  Time since last request: 165.133392 seconds.
  path: Assets/Tile (3).prefab
  artifactKey: Guid(226270c889e344330b9c879d7ff61367) Importer(815301076,1909f56bfc062723c751e8b465ee728b)
Start importing Assets/Tile (3).prefab using Guid(226270c889e344330b9c879d7ff61367) Importer(815301076,1909f56bfc062723c751e8b465ee728b)  -> (artifact id: '4b5d6c06a7ca7e04fccfc26cb5d57bae') in 0.526232 seconds
  Import took 0.531118 seconds .

========================================================================
Received Import Request.
  Time since last request: 4.204957 seconds.
  path: Assets/Tile.prefab
  artifactKey: Guid(226270c889e344330b9c879d7ff61367) Importer(815301076,1909f56bfc062723c751e8b465ee728b)
Start importing Assets/Tile.prefab using Guid(226270c889e344330b9c879d7ff61367) Importer(815301076,1909f56bfc062723c751e8b465ee728b)  -> (artifact id: 'bd374fc22ea449e1e416d24f0a527ae2') in 0.033316 seconds
  Import took 0.036391 seconds .

========================================================================
Received Prepare
Registering precompiled user dll's ...
Registered in 0.005278 seconds.
Begin MonoManager ReloadAssembly
Native extension for OSXStandalone target not found
Native extension for WebGL target not found
Refreshing native plugins compatible for Editor in 0.31 ms, found 2 plugins.
Preloading 0 native plugins for Editor in 0.00 ms.
Mono: successfully reloaded assembly
- Completed reload, in  1.437 seconds
Platform modules already initialized, skipping
Refreshing native plugins compatible for Editor in 0.30 ms, found 2 plugins.
Preloading 0 native plugins for Editor in 0.00 ms.
Unloading 1382 Unused Serialized files (Serialized files now loaded: 0)
System memory in use before: 153.9 MB.
System memory in use after: 154.0 MB.

Unloading 14 unused Assets to reduce memory usage. Loaded Objects now: 1877.
Total: 3.573574 ms (FindLiveObjects: 0.510890 ms CreateObjectMapping: 0.117521 ms MarkObjects: 2.815592 ms  DeleteObjects: 0.127927 ms)

========================================================================
Received Import Request.
  Time since last request: 657.072893 seconds.
  path: Assets/Tile.prefab
  artifactKey: Guid(226270c889e344330b9c879d7ff61367) Importer(815301076,1909f56bfc062723c751e8b465ee728b)
Start importing Assets/Tile.prefab using Guid(226270c889e344330b9c879d7ff61367) Importer(815301076,1909f56bfc062723c751e8b465ee728b)  -> (artifact id: '9e4f99214e0b206bc1e7cb2edcf26287') in 0.133754 seconds
  Import took 0.137547 seconds .

========================================================================
Received Import Request.
  Time since last request: 2.474721 seconds.
  path: Assets/CoordinateLabler.cs
  artifactKey: Guid(8616d2ad65c944e2999aca546efd704b) Importer(815301076,1909f56bfc062723c751e8b465ee728b)
Start importing Assets/CoordinateLabler.cs using Guid(8616d2ad65c944e2999aca546efd704b) Importer(815301076,1909f56bfc062723c751e8b465ee728b)  -> (artifact id: '38fc0df1cf1cdc3cc3156dd0efe7a354') in 0.633027 seconds
  Import took 0.636638 seconds .

========================================================================
Received Prepare
Registering precompiled user dll's ...
Registered in 0.002715 seconds.
Begin MonoManager ReloadAssembly
Native extension for OSXStandalone target not found
Native extension for WebGL target not found
Refreshing native plugins compatible for Editor in 0.27 ms, found 2 plugins.
Preloading 0 native plugins for Editor in 0.00 ms.
Mono: successfully reloaded assembly
- Completed reload, in  1.346 seconds
Platform modules already initialized, skipping
Refreshing native plugins compatible for Editor in 0.31 ms, found 2 plugins.
Preloading 0 native plugins for Editor in 0.00 ms.
Unloading 1382 Unused Serialized files (Serialized files now loaded: 0)
System memory in use before: 158.5 MB.
System memory in use after: 158.5 MB.

Unloading 14 unused Assets to reduce memory usage. Loaded Objects now: 1881.
Total: 1.917913 ms (FindLiveObjects: 0.165115 ms CreateObjectMapping: 0.053506 ms MarkObjects: 1.643804 ms  DeleteObjects: 0.054365 ms)

========================================================================
Received Import Request.
  Time since last request: 227.230899 seconds.
  path: Assets/CoordinateLabler.cs
  artifactKey: Guid(8616d2ad65c944e2999aca546efd704b) Importer(815301076,1909f56bfc062723c751e8b465ee728b)
Start importing Assets/CoordinateLabler.cs using Guid(8616d2ad65c944e2999aca546efd704b) Importer(815301076,1909f56bfc062723c751e8b465ee728b)  -> (artifact id: 'c2f449fd928977e44c9a7f1be67cb4db') in 0.005976 seconds
  Import took 0.008535 seconds .

========================================================================
Received Prepare
Registering precompiled user dll's ...
Registered in 0.005063 seconds.
Begin MonoManager ReloadAssembly
Native extension for OSXStandalone target not found
Native extension for WebGL target not found
Refreshing native plugins compatible for Editor in 0.31 ms, found 2 plugins.
Preloading 0 native plugins for Editor in 0.00 ms.
Mono: successfully reloaded assembly
- Completed reload, in  1.296 seconds
Platform modules already initialized, skipping
Refreshing native plugins compatible for Editor in 0.27 ms, found 2 plugins.
Preloading 0 native plugins for Editor in 0.00 ms.
Unloading 1382 Unused Serialized files (Serialized files now loaded: 0)
System memory in use before: 158.7 MB.
System memory in use after: 158.8 MB.

Unloading 14 unused Assets to reduce memory usage. Loaded Objects now: 1884.
Total: 2.610156 ms (FindLiveObjects: 0.200793 ms CreateObjectMapping: 0.052865 ms MarkObjects: 2.248725 ms  DeleteObjects: 0.106155 ms)

========================================================================
Received Import Request.
  Time since last request: 220.254112 seconds.
  path: Assets/CoordinateLabler.cs
  artifactKey: Guid(8616d2ad65c944e2999aca546efd704b) Importer(815301076,1909f56bfc062723c751e8b465ee728b)
Start importing Assets/CoordinateLabler.cs using Guid(8616d2ad65c944e2999aca546efd704b) Importer(815301076,1909f56bfc062723c751e8b465ee728b)  -> (artifact id: '9346825aedcfe45782a613954a2c9be8') in 0.006334 seconds
  Import took 0.009265 seconds .

========================================================================
Received Prepare
Registering precompiled user dll's ...
Registered in 0.004262 seconds.
Begin MonoManager ReloadAssembly
Native extension for OSXStandalone target not found
Native extension for WebGL target not found
Refreshing native plugins compatible for Editor in 0.27 ms, found 2 plugins.
Preloading 0 native plugins for Editor in 0.00 ms.
Mono: successfully reloaded assembly
- Completed reload, in  1.245 seconds
Platform modules already initialized, skipping
Refreshing native plugins compatible for Editor in 0.70 ms, found 2 plugins.
Preloading 0 native plugins for Editor in 0.00 ms.
Unloading 1382 Unused Serialized files (Serialized files now loaded: 0)
System memory in use before: 158.9 MB.
System memory in use after: 159.0 MB.

Unloading 14 unused Assets to reduce memory usage. Loaded Objects now: 1887.
Total: 2.797964 ms (FindLiveObjects: 0.288615 ms CreateObjectMapping: 0.088500 ms MarkObjects: 2.319019 ms  DeleteObjects: 0.099957 ms)

========================================================================
Received Import Request.
  Time since last request: 139.820342 seconds.
  path: Assets/CoordinateLabler.cs
  artifactKey: Guid(8616d2ad65c944e2999aca546efd704b) Importer(815301076,1909f56bfc062723c751e8b465ee728b)
Start importing Assets/CoordinateLabler.cs using Guid(8616d2ad65c944e2999aca546efd704b) Importer(815301076,1909f56bfc062723c751e8b465ee728b)  -> (artifact id: '13501f24df2e9a34305c9ce99daf2741') in 0.008855 seconds
  Import took 0.013798 seconds .

========================================================================
Received Import Request.
  Time since last request: 162.804353 seconds.
  path: Assets/New Material.mat
  artifactKey: Guid(3fe7f0003249d4b0da14aedb412a73f7) Importer(815301076,1909f56bfc062723c751e8b465ee728b)
Start importing Assets/New Material.mat using Guid(3fe7f0003249d4b0da14aedb412a73f7) Importer(815301076,1909f56bfc062723c751e8b465ee728b)  -> (artifact id: 'ab42f7871ee86d89d8a160f187cc4eb7') in 0.080809 seconds
  Import took 0.083396 seconds .

========================================================================
Received Import Request.
  Time since last request: 0.000178 seconds.
  path: Assets/Tile.prefab
  artifactKey: Guid(226270c889e344330b9c879d7ff61367) Importer(815301076,1909f56bfc062723c751e8b465ee728b)
Start importing Assets/Tile.prefab using Guid(226270c889e344330b9c879d7ff61367) Importer(815301076,1909f56bfc062723c751e8b465ee728b)  -> (artifact id: 'e631301f806fb3785645205c3fd5e43c') in 0.092983 seconds
  Import took 0.095787 seconds .

========================================================================
Received Prepare
Registering precompiled user dll's ...
Registered in 0.004012 seconds.
Begin MonoManager ReloadAssembly
Native extension for OSXStandalone target not found
Native extension for WebGL target not found
Refreshing native plugins compatible for Editor in 0.27 ms, found 2 plugins.
Preloading 0 native plugins for Editor in 0.00 ms.
Mono: successfully reloaded assembly
- Completed reload, in  1.122 seconds
Platform modules already initialized, skipping
Refreshing native plugins compatible for Editor in 0.30 ms, found 2 plugins.
Preloading 0 native plugins for Editor in 0.00 ms.
Unloading 1382 Unused Serialized files (Serialized files now loaded: 0)
System memory in use before: 159.2 MB.
System memory in use after: 159.3 MB.

Unloading 14 unused Assets to reduce memory usage. Loaded Objects now: 1891.
Total: 3.384068 ms (FindLiveObjects: 0.339115 ms CreateObjectMapping: 0.100891 ms MarkObjects: 2.853949 ms  DeleteObjects: 0.088375 ms)

========================================================================
Received Prepare
Registering precompiled user dll's ...
Registered in 0.003669 seconds.
Begin MonoManager ReloadAssembly
Native extension for OSXStandalone target not found
Native extension for WebGL target not found
Refreshing native plugins compatible for Editor in 0.30 ms, found 2 plugins.
Preloading 0 native plugins for Editor in 0.00 ms.
Mono: successfully reloaded assembly
- Completed reload, in  1.192 seconds
Platform modules already initialized, skipping
Refreshing native plugins compatible for Editor in 0.49 ms, found 2 plugins.
Preloading 0 native plugins for Editor in 0.00 ms.
Unloading 1382 Unused Serialized files (Serialized files now loaded: 0)
System memory in use before: 159.4 MB.
System memory in use after: 159.4 MB.

Unloading 14 unused Assets to reduce memory usage. Loaded Objects now: 1894.
Total: 2.608221 ms (FindLiveObjects: 0.275146 ms CreateObjectMapping: 0.094703 ms MarkObjects: 2.177625 ms  DeleteObjects: 0.059703 ms)

========================================================================
Received Prepare
Registering precompiled user dll's ...
Registered in 0.008869 seconds.
Begin MonoManager ReloadAssembly
Native extension for OSXStandalone target not found
Native extension for WebGL target not found
Refreshing native plugins compatible for Editor in 0.31 ms, found 2 plugins.
Preloading 0 native plugins for Editor in 0.00 ms.
Mono: successfully reloaded assembly
- Completed reload, in  1.437 seconds
Platform modules already initialized, skipping
Refreshing native plugins compatible for Editor in 0.32 ms, found 2 plugins.
Preloading 0 native plugins for Editor in 0.00 ms.
Unloading 1382 Unused Serialized files (Serialized files now loaded: 0)
System memory in use before: 159.6 MB.
System memory in use after: 159.6 MB.

Unloading 14 unused Assets to reduce memory usage. Loaded Objects now: 1897.
Total: 1.949078 ms (FindLiveObjects: 0.168129 ms CreateObjectMapping: 0.052082 ms MarkObjects: 1.673344 ms  DeleteObjects: 0.054597 ms)

========================================================================
Received Import Request.
  Time since last request: 2736.880908 seconds.
  path: Assets/GroundMaterial.mat
  artifactKey: Guid(3fe7f0003249d4b0da14aedb412a73f7) Importer(815301076,1909f56bfc062723c751e8b465ee728b)
Start importing Assets/GroundMaterial.mat using Guid(3fe7f0003249d4b0da14aedb412a73f7) Importer(815301076,1909f56bfc062723c751e8b465ee728b)  -> (artifact id: '4ec319f58afcf679d01f3ea6f492e719') in 0.078293 seconds
  Import took 0.082948 seconds .

========================================================================
Received Import Request.
  Time since last request: 32.772847 seconds.
  path: Assets/(0, 0).prefab
  artifactKey: Guid(226270c889e344330b9c879d7ff61367) Importer(815301076,1909f56bfc062723c751e8b465ee728b)
Start importing Assets/(0, 0).prefab using Guid(226270c889e344330b9c879d7ff61367) Importer(815301076,1909f56bfc062723c751e8b465ee728b)  -> (artifact id: '22714237152b346e09378ae1705d352f') in 0.100469 seconds
  Import took 0.103204 seconds .

========================================================================
Received Import Request.
  Time since last request: 38.642104 seconds.
  path: Assets/EnemyMaterial.mat
  artifactKey: Guid(36daf03c758e249648b1c9b97ba97981) Importer(815301076,1909f56bfc062723c751e8b465ee728b)
Start importing Assets/EnemyMaterial.mat using Guid(36daf03c758e249648b1c9b97ba97981) Importer(815301076,1909f56bfc062723c751e8b465ee728b)  -> (artifact id: 'eb2690b3436e3471dc3da0e8dbe2a494') in 0.034974 seconds
  Import took 0.038388 seconds .

========================================================================
Received Import Request.
  Time since last request: 66.441281 seconds.
  path: Assets/Tile.prefab
  artifactKey: Guid(226270c889e344330b9c879d7ff61367) Importer(815301076,1909f56bfc062723c751e8b465ee728b)
Start importing Assets/Tile.prefab using Guid(226270c889e344330b9c879d7ff61367) Importer(815301076,1909f56bfc062723c751e8b465ee728b)  -> (artifact id: '36c5d4940b53eca5ec064bc349d4ac43') in 0.031746 seconds
  Import took 0.034988 seconds .

========================================================================
Received Prepare
Registering precompiled user dll's ...
Registered in 0.002199 seconds.
Begin MonoManager ReloadAssembly
Native extension for OSXStandalone target not found
Native extension for WebGL target not found
Refreshing native plugins compatible for Editor in 0.30 ms, found 2 plugins.
Preloading 0 native plugins for Editor in 0.00 ms.
Mono: successfully reloaded assembly
- Completed reload, in  1.367 seconds
Platform modules already initialized, skipping
Refreshing native plugins compatible for Editor in 0.30 ms, found 2 plugins.
Preloading 0 native plugins for Editor in 0.00 ms.
Unloading 1383 Unused Serialized files (Serialized files now loaded: 0)
System memory in use before: 159.9 MB.
System memory in use after: 160.0 MB.

Unloading 14 unused Assets to reduce memory usage. Loaded Objects now: 1902.
Total: 1.917087 ms (FindLiveObjects: 0.151462 ms CreateObjectMapping: 0.041187 ms MarkObjects: 1.663587 ms  DeleteObjects: 0.059838 ms)

========================================================================
Received Import Request.
  Time since last request: 51.053038 seconds.
  path: Assets/Tile.prefab
  artifactKey: Guid(226270c889e344330b9c879d7ff61367) Importer(815301076,1909f56bfc062723c751e8b465ee728b)
Start importing Assets/Tile.prefab using Guid(226270c889e344330b9c879d7ff61367) Importer(815301076,1909f56bfc062723c751e8b465ee728b)  -> (artifact id: 'a467d59071365e98553957f66b7e4753') in 0.138064 seconds
  Import took 0.140785 seconds .

========================================================================
Received Import Request.
  Time since last request: 17.521399 seconds.
  path: Assets/EnemyMaterial.mat
  artifactKey: Guid(36daf03c758e249648b1c9b97ba97981) Importer(815301076,1909f56bfc062723c751e8b465ee728b)
Start importing Assets/EnemyMaterial.mat using Guid(36daf03c758e249648b1c9b97ba97981) Importer(815301076,1909f56bfc062723c751e8b465ee728b)  -> (artifact id: 'de506fa1433d7777c1ec50ef42b5ced0') in 0.033246 seconds
  Import took 0.035850 seconds .

========================================================================
Received Prepare
Registering precompiled user dll's ...
Registered in 0.002631 seconds.
Begin MonoManager ReloadAssembly
Native extension for OSXStandalone target not found
Native extension for WebGL target not found
Refreshing native plugins compatible for Editor in 0.39 ms, found 2 plugins.
Preloading 0 native plugins for Editor in 0.00 ms.
Mono: successfully reloaded assembly
- Completed reload, in  1.389 seconds
Platform modules already initialized, skipping
Refreshing native plugins compatible for Editor in 0.30 ms, found 2 plugins.
Preloading 0 native plugins for Editor in 0.00 ms.
Unloading 1384 Unused Serialized files (Serialized files now loaded: 0)
System memory in use before: 160.3 MB.
System memory in use after: 160.3 MB.

Unloading 14 unused Assets to reduce memory usage. Loaded Objects now: 1907.
Total: 1.948801 ms (FindLiveObjects: 0.166811 ms CreateObjectMapping: 0.049845 ms MarkObjects: 1.668877 ms  DeleteObjects: 0.062166 ms)

========================================================================
Received Import Request.
  Time since last request: 21.320648 seconds.
  path: Assets/EnemyMover.cs
  artifactKey: Guid(5a93cac7ba0d7416a85bb3cb101ef31b) Importer(815301076,1909f56bfc062723c751e8b465ee728b)
Start importing Assets/EnemyMover.cs using Guid(5a93cac7ba0d7416a85bb3cb101ef31b) Importer(815301076,1909f56bfc062723c751e8b465ee728b)  -> (artifact id: 'e3b6794bc5683417dfdd86bd8d3155a2') in 0.011461 seconds
  Import took 0.014794 seconds .

========================================================================
Received Prepare
Registering precompiled user dll's ...
Registered in 0.002169 seconds.
Begin MonoManager ReloadAssembly
Native extension for OSXStandalone target not found
Native extension for WebGL target not found
Refreshing native plugins compatible for Editor in 0.30 ms, found 2 plugins.
Preloading 0 native plugins for Editor in 0.00 ms.
Mono: successfully reloaded assembly
- Completed reload, in  1.371 seconds
Platform modules already initialized, skipping
Refreshing native plugins compatible for Editor in 0.29 ms, found 2 plugins.
Preloading 0 native plugins for Editor in 0.00 ms.
Unloading 1384 Unused Serialized files (Serialized files now loaded: 0)
System memory in use before: 160.4 MB.
System memory in use after: 160.5 MB.

Unloading 14 unused Assets to reduce memory usage. Loaded Objects now: 1910.
Total: 1.984653 ms (FindLiveObjects: 0.195118 ms CreateObjectMapping: 0.060390 ms MarkObjects: 1.669123 ms  DeleteObjects: 0.058994 ms)

========================================================================
Received Import Request.
  Time since last request: 217.470586 seconds.
  path: Assets/EnemyMover.cs
  artifactKey: Guid(5a93cac7ba0d7416a85bb3cb101ef31b) Importer(815301076,1909f56bfc062723c751e8b465ee728b)
Start importing Assets/EnemyMover.cs using Guid(5a93cac7ba0d7416a85bb3cb101ef31b) Importer(815301076,1909f56bfc062723c751e8b465ee728b)  -> (artifact id: '935846f2c0dea0affcf66c025fcd5916') in 0.006803 seconds
  Import took 0.009318 seconds .

========================================================================
Received Prepare
Registering precompiled user dll's ...
Registered in 0.002133 seconds.
Begin MonoManager ReloadAssembly
Native extension for OSXStandalone target not found
Native extension for WebGL target not found
Refreshing native plugins compatible for Editor in 0.31 ms, found 2 plugins.
Preloading 0 native plugins for Editor in 0.00 ms.
Mono: successfully reloaded assembly
- Completed reload, in  1.412 seconds
Platform modules already initialized, skipping
Refreshing native plugins compatible for Editor in 0.36 ms, found 2 plugins.
Preloading 0 native plugins for Editor in 0.00 ms.
Unloading 1384 Unused Serialized files (Serialized files now loaded: 0)
System memory in use before: 160.6 MB.
System memory in use after: 160.7 MB.

Unloading 14 unused Assets to reduce memory usage. Loaded Objects now: 1913.
Total: 1.971792 ms (FindLiveObjects: 0.170148 ms CreateObjectMapping: 0.049759 ms MarkObjects: 1.691194 ms  DeleteObjects: 0.059714 ms)

========================================================================
Received Import Request.
  Time since last request: 72.554026 seconds.
  path: Assets/AssetPacks
  artifactKey: Guid(07aa56881602d45fca1a9343f478783d) Importer(815301076,1909f56bfc062723c751e8b465ee728b)
Start importing Assets/AssetPacks using Guid(07aa56881602d45fca1a9343f478783d) Importer(815301076,1909f56bfc062723c751e8b465ee728b)  -> (artifact id: 'd06483654009772c64e592016e843b20') in 0.011265 seconds
  Import took 0.014631 seconds .

========================================================================
Received Import Request.
  Time since last request: 17.623098 seconds.
  path: Assets/Enemy
  artifactKey: Guid(d154989be479d4eae9887f70f63a49bb) Importer(815301076,1909f56bfc062723c751e8b465ee728b)
Start importing Assets/Enemy using Guid(d154989be479d4eae9887f70f63a49bb) Importer(815301076,1909f56bfc062723c751e8b465ee728b)  -> (artifact id: '07a3a91fc6ec45785b67833c60c6813c') in 0.002078 seconds
  Import took 0.005447 seconds .

========================================================================
Received Prepare
Registering precompiled user dll's ...
Registered in 0.002841 seconds.
Begin MonoManager ReloadAssembly
Native extension for OSXStandalone target not found
Native extension for WebGL target not found
Refreshing native plugins compatible for Editor in 0.30 ms, found 2 plugins.
Preloading 0 native plugins for Editor in 0.00 ms.
Mono: successfully reloaded assembly
- Completed reload, in  1.355 seconds
Platform modules already initialized, skipping
Refreshing native plugins compatible for Editor in 0.29 ms, found 2 plugins.
Preloading 0 native plugins for Editor in 0.00 ms.
Unloading 1384 Unused Serialized files (Serialized files now loaded: 0)
System memory in use before: 160.9 MB.
System memory in use after: 161.0 MB.

Unloading 14 unused Assets to reduce memory usage. Loaded Objects now: 1916.
Total: 3.462957 ms (FindLiveObjects: 0.338573 ms CreateObjectMapping: 0.118666 ms MarkObjects: 2.912414 ms  DeleteObjects: 0.091820 ms)

========================================================================
Received Import Request.
  Time since last request: 17.529288 seconds.
  path: Assets/Tiles
  artifactKey: Guid(4e8d4c085bef449b3b4930c5d276c2eb) Importer(815301076,1909f56bfc062723c751e8b465ee728b)
Start importing Assets/Tiles using Guid(4e8d4c085bef449b3b4930c5d276c2eb) Importer(815301076,1909f56bfc062723c751e8b465ee728b)  -> (artifact id: 'e9028ef99ca405ab639fde39fa2bdf36') in 0.004045 seconds
  Import took 0.006678 seconds .

========================================================================
Received Import Request.
  Time since last request: 0.011731 seconds.
  path: Assets/Tiles
  artifactKey: Guid(4e8d4c085bef449b3b4930c5d276c2eb) Importer(815301076,1909f56bfc062723c751e8b465ee728b)
Start importing Assets/Tiles using Guid(4e8d4c085bef449b3b4930c5d276c2eb) Importer(815301076,1909f56bfc062723c751e8b465ee728b)  -> (artifact id: 'e9028ef99ca405ab639fde39fa2bdf36') in 0.001512 seconds
  Import took 0.003822 seconds .

========================================================================
Received Prepare
Registering precompiled user dll's ...
Registered in 0.001562 seconds.
Begin MonoManager ReloadAssembly
Native extension for OSXStandalone target not found
Native extension for WebGL target not found
Refreshing native plugins compatible for Editor in 0.35 ms, found 2 plugins.
Preloading 0 native plugins for Editor in 0.00 ms.
Mono: successfully reloaded assembly
- Completed reload, in  1.357 seconds
Platform modules already initialized, skipping
Refreshing native plugins compatible for Editor in 0.30 ms, found 2 plugins.
Preloading 0 native plugins for Editor in 0.00 ms.
Unloading 1384 Unused Serialized files (Serialized files now loaded: 0)
System memory in use before: 161.0 MB.
System memory in use after: 161.1 MB.

Unloading 14 unused Assets to reduce memory usage. Loaded Objects now: 1919.
Total: 3.388673 ms (FindLiveObjects: 0.368564 ms CreateObjectMapping: 0.135767 ms MarkObjects: 2.814559 ms  DeleteObjects: 0.068147 ms)

========================================================================
Received Prepare
Registering precompiled user dll's ...
Registered in 0.001654 seconds.
Begin MonoManager ReloadAssembly
Native extension for OSXStandalone target not found
Native extension for WebGL target not found
Refreshing native plugins compatible for Editor in 0.33 ms, found 2 plugins.
Preloading 0 native plugins for Editor in 0.00 ms.
Mono: successfully reloaded assembly
- Completed reload, in  1.436 seconds
Platform modules already initialized, skipping
Refreshing native plugins compatible for Editor in 0.62 ms, found 2 plugins.
Preloading 0 native plugins for Editor in 0.00 ms.
Unloading 1384 Unused Serialized files (Serialized files now loaded: 0)
System memory in use before: 161.2 MB.
System memory in use after: 161.3 MB.

Unloading 14 unused Assets to reduce memory usage. Loaded Objects now: 1922.
Total: 1.908714 ms (FindLiveObjects: 0.177670 ms CreateObjectMapping: 0.059938 ms MarkObjects: 1.617054 ms  DeleteObjects: 0.053185 ms)

